Started GET "/" for 127.0.0.1 at 2018-11-12 13:18:23 -0600
Processing by Rails::WelcomeController#index as HTML
  Rendering /home/mmoroney/.rbenv/versions/2.3.3/lib/ruby/gems/2.3.0/gems/railties-5.1.6/lib/rails/templates/rails/welcome/index.html.erb
  Rendered /home/mmoroney/.rbenv/versions/2.3.3/lib/ruby/gems/2.3.0/gems/railties-5.1.6/lib/rails/templates/rails/welcome/index.html.erb (3.5ms)
Completed 200 OK in 190ms (Views: 6.8ms)


  [1m[35m (0.2ms)[0m  [1m[34mSELECT sqlite_version(*)[0m
  [1m[35m (7.0ms)[0m  [1m[35mCREATE TABLE "schema_migrations" ("version" varchar NOT NULL PRIMARY KEY)[0m
  [1m[35m (16.7ms)[0m  [1m[35mCREATE TABLE "ar_internal_metadata" ("key" varchar NOT NULL PRIMARY KEY, "value" varchar, "created_at" datetime NOT NULL, "updated_at" datetime NOT NULL)[0m
  [1m[35m (0.2ms)[0m  [1m[34mSELECT "schema_migrations"."version" FROM "schema_migrations" ORDER BY "schema_migrations"."version" ASC[0m
Migrating to CreateCoins (20181112192650)
  [1m[35m (0.1ms)[0m  [1m[36mbegin transaction[0m
  [1m[35m (0.0ms)[0m  [1m[31mrollback transaction[0m
  [1m[35m (0.1ms)[0m  [1m[34mSELECT "schema_migrations"."version" FROM "schema_migrations" ORDER BY "schema_migrations"."version" ASC[0m
Migrating to CreateCoins (20181112192650)
  [1m[35m (0.0ms)[0m  [1m[36mbegin transaction[0m
  [1m[35m (0.1ms)[0m  [1m[34mSELECT sqlite_version(*)[0m
  [1m[35m (1.0ms)[0m  [1m[35mCREATE TABLE "coins" ("id" INTEGER PRIMARY KEY AUTOINCREMENT NOT NULL, "name" varchar, "value" integer, "created_at" datetime NOT NULL, "updated_at" datetime NOT NULL)[0m
  [1m[35mSQL (0.1ms)[0m  [1m[32mINSERT INTO "schema_migrations" ("version") VALUES (?)[0m  [["version", "20181112192650"]]
  [1m[35m (8.0ms)[0m  [1m[36mcommit transaction[0m
Migrating to CreateTransactions (20181112194956)
  [1m[35m (0.1ms)[0m  [1m[36mbegin transaction[0m
  [1m[35m (0.2ms)[0m  [1m[35mCREATE TABLE "transactions" ("id" INTEGER PRIMARY KEY AUTOINCREMENT NOT NULL, "created_at" datetime NOT NULL, "updated_at" datetime NOT NULL)[0m
  [1m[35mSQL (0.1ms)[0m  [1m[32mINSERT INTO "schema_migrations" ("version") VALUES (?)[0m  [["version", "20181112194956"]]
  [1m[35m (11.9ms)[0m  [1m[36mcommit transaction[0m
Migrating to CreateApiuser (20181113152635)
  [1m[35m (0.1ms)[0m  [1m[36mbegin transaction[0m
  [1m[35m (0.5ms)[0m  [1m[35mCREATE TABLE "apiusers" ("id" INTEGER PRIMARY KEY AUTOINCREMENT NOT NULL, "api_key" varchar, "created_at" datetime NOT NULL, "updated_at" datetime NOT NULL)[0m
  [1m[35mSQL (0.4ms)[0m  [1m[32mINSERT INTO "schema_migrations" ("version") VALUES (?)[0m  [["version", "20181113152635"]]
  [1m[35m (6.3ms)[0m  [1m[36mcommit transaction[0m
  [1m[36mActiveRecord::InternalMetadata Load (0.4ms)[0m  [1m[34mSELECT  "ar_internal_metadata".* FROM "ar_internal_metadata" WHERE "ar_internal_metadata"."key" = ? LIMIT ?[0m  [["key", "environment"], ["LIMIT", 1]]
  [1m[35m (0.1ms)[0m  [1m[36mbegin transaction[0m
  [1m[35mSQL (0.3ms)[0m  [1m[32mINSERT INTO "ar_internal_metadata" ("key", "value", "created_at", "updated_at") VALUES (?, ?, ?, ?)[0m  [["key", "environment"], ["value", "development"], ["created_at", "2018-11-13 15:38:54.236872"], ["updated_at", "2018-11-13 15:38:54.236872"]]
  [1m[35m (5.5ms)[0m  [1m[36mcommit transaction[0m
  [1m[35m (0.1ms)[0m  [1m[34mSELECT "schema_migrations"."version" FROM "schema_migrations" ORDER BY "schema_migrations"."version" ASC[0m
Started GET "/" for 127.0.0.1 at 2018-11-13 09:40:10 -0600
  [1m[35m (0.1ms)[0m  [1m[34mSELECT "schema_migrations"."version" FROM "schema_migrations" ORDER BY "schema_migrations"."version" ASC[0m
Processing by Rails::WelcomeController#index as HTML
  Rendering /home/mmoroney/.rbenv/versions/2.3.3/lib/ruby/gems/2.3.0/gems/railties-5.1.6/lib/rails/templates/rails/welcome/index.html.erb
  Rendered /home/mmoroney/.rbenv/versions/2.3.3/lib/ruby/gems/2.3.0/gems/railties-5.1.6/lib/rails/templates/rails/welcome/index.html.erb (4.9ms)
Completed 200 OK in 16ms (Views: 9.0ms | ActiveRecord: 0.0ms)


Started GET "/" for 127.0.0.1 at 2018-11-13 09:46:31 -0600
Processing by IndexController#index as HTML
  Rendering index/index.html.erb within layouts/application
  Rendered index/index.html.erb within layouts/application (0.2ms)
Completed 200 OK in 540ms (Views: 539.9ms)


Started GET "/" for 127.0.0.1 at 2018-11-13 09:46:52 -0600
Processing by IndexController#index as HTML
  Rendering index/index.html.erb within layouts/application
  Rendered index/index.html.erb within layouts/application (0.6ms)
Completed 200 OK in 30ms (Views: 28.0ms)


Started GET "/" for 127.0.0.1 at 2018-11-13 11:03:27 -0600
  [1m[35m (0.2ms)[0m  [1m[34mSELECT "schema_migrations"."version" FROM "schema_migrations" ORDER BY "schema_migrations"."version" ASC[0m
Processing by IndexController#index as HTML
  Rendering index/index.html.erb within layouts/application
  Rendered index/index.html.erb within layouts/application (3.2ms)
Completed 200 OK in 216ms (Views: 205.5ms | ActiveRecord: 0.0ms)


Started GET "/coins" for 127.0.0.1 at 2018-11-13 11:03:28 -0600
Processing by CoinsController#see_all as HTML
  Rendering coins/index.html.erb within layouts/application
  [1m[36mCoin Load (2.0ms)[0m  [1m[34mSELECT "coins".* FROM "coins"[0m
  Rendered coins/index.html.erb within layouts/application (35.4ms)
Completed 200 OK in 78ms (Views: 60.8ms | ActiveRecord: 6.4ms)


Started GET "/" for 127.0.0.1 at 2018-11-13 11:03:31 -0600
Processing by IndexController#index as HTML
  Rendering index/index.html.erb within layouts/application
  Rendered index/index.html.erb within layouts/application (0.7ms)
Completed 200 OK in 25ms (Views: 24.4ms | ActiveRecord: 0.0ms)


Started GET "/" for 127.0.0.1 at 2018-11-13 11:05:56 -0600
Processing by IndexController#index as HTML
  Rendering index/index.html.erb within layouts/application
  Rendered index/index.html.erb within layouts/application (1.2ms)
Completed 200 OK in 73ms (Views: 72.2ms | ActiveRecord: 0.0ms)


Started GET "/" for 127.0.0.1 at 2018-11-13 11:06:03 -0600
Processing by IndexController#index as HTML
  Rendering index/index.html.erb within layouts/application
  Rendered index/index.html.erb within layouts/application (1.4ms)
Completed 200 OK in 60ms (Views: 58.5ms | ActiveRecord: 0.0ms)


Started GET "/" for 127.0.0.1 at 2018-11-13 11:06:10 -0600
Processing by IndexController#index as HTML
  Rendering index/index.html.erb within layouts/application
  Rendered index/index.html.erb within layouts/application (0.9ms)
Completed 200 OK in 51ms (Views: 49.7ms | ActiveRecord: 0.0ms)


Started GET "/" for 127.0.0.1 at 2018-11-13 11:07:12 -0600
Processing by IndexController#index as HTML
  Rendering index/index.html.erb within layouts/application
  Rendered index/index.html.erb within layouts/application (1.3ms)
Completed 200 OK in 71ms (Views: 69.4ms | ActiveRecord: 0.0ms)


Started GET "/coins/:id?name=&value=" for 127.0.0.1 at 2018-11-13 11:07:13 -0600
  
ActionController::RoutingError (No route matches [GET] "/coins/:id"):
  
actionpack (5.1.6) lib/action_dispatch/middleware/debug_exceptions.rb:63:in `call'
web-console (3.7.0) lib/web_console/middleware.rb:135:in `call_app'
web-console (3.7.0) lib/web_console/middleware.rb:30:in `block in call'
web-console (3.7.0) lib/web_console/middleware.rb:20:in `catch'
web-console (3.7.0) lib/web_console/middleware.rb:20:in `call'
actionpack (5.1.6) lib/action_dispatch/middleware/show_exceptions.rb:31:in `call'
railties (5.1.6) lib/rails/rack/logger.rb:36:in `call_app'
railties (5.1.6) lib/rails/rack/logger.rb:24:in `block in call'
activesupport (5.1.6) lib/active_support/tagged_logging.rb:69:in `block in tagged'
activesupport (5.1.6) lib/active_support/tagged_logging.rb:26:in `tagged'
activesupport (5.1.6) lib/active_support/tagged_logging.rb:69:in `tagged'
railties (5.1.6) lib/rails/rack/logger.rb:24:in `call'
sprockets-rails (3.2.1) lib/sprockets/rails/quiet_assets.rb:13:in `call'
actionpack (5.1.6) lib/action_dispatch/middleware/remote_ip.rb:79:in `call'
actionpack (5.1.6) lib/action_dispatch/middleware/request_id.rb:25:in `call'
rack (2.0.6) lib/rack/method_override.rb:22:in `call'
rack (2.0.6) lib/rack/runtime.rb:22:in `call'
activesupport (5.1.6) lib/active_support/cache/strategy/local_cache_middleware.rb:27:in `call'
actionpack (5.1.6) lib/action_dispatch/middleware/executor.rb:12:in `call'
actionpack (5.1.6) lib/action_dispatch/middleware/static.rb:125:in `call'
rack (2.0.6) lib/rack/sendfile.rb:111:in `call'
railties (5.1.6) lib/rails/engine.rb:522:in `call'
puma (3.12.0) lib/puma/configuration.rb:225:in `call'
puma (3.12.0) lib/puma/server.rb:658:in `handle_request'
puma (3.12.0) lib/puma/server.rb:472:in `process_client'
puma (3.12.0) lib/puma/server.rb:332:in `block in run'
puma (3.12.0) lib/puma/thread_pool.rb:133:in `block in spawn_thread'
Started GET "/coins/:id?name=&value=" for 127.0.0.1 at 2018-11-13 11:07:21 -0600
  
ActionController::RoutingError (No route matches [GET] "/coins/:id"):
  
actionpack (5.1.6) lib/action_dispatch/middleware/debug_exceptions.rb:63:in `call'
web-console (3.7.0) lib/web_console/middleware.rb:135:in `call_app'
web-console (3.7.0) lib/web_console/middleware.rb:30:in `block in call'
web-console (3.7.0) lib/web_console/middleware.rb:20:in `catch'
web-console (3.7.0) lib/web_console/middleware.rb:20:in `call'
actionpack (5.1.6) lib/action_dispatch/middleware/show_exceptions.rb:31:in `call'
railties (5.1.6) lib/rails/rack/logger.rb:36:in `call_app'
railties (5.1.6) lib/rails/rack/logger.rb:24:in `block in call'
activesupport (5.1.6) lib/active_support/tagged_logging.rb:69:in `block in tagged'
activesupport (5.1.6) lib/active_support/tagged_logging.rb:26:in `tagged'
activesupport (5.1.6) lib/active_support/tagged_logging.rb:69:in `tagged'
railties (5.1.6) lib/rails/rack/logger.rb:24:in `call'
sprockets-rails (3.2.1) lib/sprockets/rails/quiet_assets.rb:13:in `call'
actionpack (5.1.6) lib/action_dispatch/middleware/remote_ip.rb:79:in `call'
actionpack (5.1.6) lib/action_dispatch/middleware/request_id.rb:25:in `call'
rack (2.0.6) lib/rack/method_override.rb:22:in `call'
rack (2.0.6) lib/rack/runtime.rb:22:in `call'
activesupport (5.1.6) lib/active_support/cache/strategy/local_cache_middleware.rb:27:in `call'
actionpack (5.1.6) lib/action_dispatch/middleware/executor.rb:12:in `call'
actionpack (5.1.6) lib/action_dispatch/middleware/static.rb:125:in `call'
rack (2.0.6) lib/rack/sendfile.rb:111:in `call'
railties (5.1.6) lib/rails/engine.rb:522:in `call'
puma (3.12.0) lib/puma/configuration.rb:225:in `call'
puma (3.12.0) lib/puma/server.rb:658:in `handle_request'
puma (3.12.0) lib/puma/server.rb:472:in `process_client'
puma (3.12.0) lib/puma/server.rb:332:in `block in run'
puma (3.12.0) lib/puma/thread_pool.rb:133:in `block in spawn_thread'
Started GET "/" for 127.0.0.1 at 2018-11-13 11:07:24 -0600
Processing by IndexController#index as HTML
  Rendering index/index.html.erb within layouts/application
  Rendered index/index.html.erb within layouts/application (3.3ms)
Completed 200 OK in 95ms (Views: 94.0ms | ActiveRecord: 0.0ms)


Started GET "/" for 127.0.0.1 at 2018-11-13 11:08:32 -0600
Processing by IndexController#index as HTML
  Rendering index/index.html.erb within layouts/application
  Rendered index/index.html.erb within layouts/application (1.0ms)
Completed 200 OK in 52ms (Views: 49.5ms)


Started GET "/coins/:id?name=&value=" for 127.0.0.1 at 2018-11-13 11:08:32 -0600
  
ActionController::RoutingError (No route matches [GET] "/coins/:id"):
  
actionpack (5.1.6) lib/action_dispatch/middleware/debug_exceptions.rb:63:in `call'
web-console (3.7.0) lib/web_console/middleware.rb:135:in `call_app'
web-console (3.7.0) lib/web_console/middleware.rb:30:in `block in call'
web-console (3.7.0) lib/web_console/middleware.rb:20:in `catch'
web-console (3.7.0) lib/web_console/middleware.rb:20:in `call'
actionpack (5.1.6) lib/action_dispatch/middleware/show_exceptions.rb:31:in `call'
railties (5.1.6) lib/rails/rack/logger.rb:36:in `call_app'
railties (5.1.6) lib/rails/rack/logger.rb:24:in `block in call'
activesupport (5.1.6) lib/active_support/tagged_logging.rb:69:in `block in tagged'
activesupport (5.1.6) lib/active_support/tagged_logging.rb:26:in `tagged'
activesupport (5.1.6) lib/active_support/tagged_logging.rb:69:in `tagged'
railties (5.1.6) lib/rails/rack/logger.rb:24:in `call'
sprockets-rails (3.2.1) lib/sprockets/rails/quiet_assets.rb:13:in `call'
actionpack (5.1.6) lib/action_dispatch/middleware/remote_ip.rb:79:in `call'
actionpack (5.1.6) lib/action_dispatch/middleware/request_id.rb:25:in `call'
rack (2.0.6) lib/rack/method_override.rb:22:in `call'
rack (2.0.6) lib/rack/runtime.rb:22:in `call'
activesupport (5.1.6) lib/active_support/cache/strategy/local_cache_middleware.rb:27:in `call'
actionpack (5.1.6) lib/action_dispatch/middleware/executor.rb:12:in `call'
actionpack (5.1.6) lib/action_dispatch/middleware/static.rb:125:in `call'
rack (2.0.6) lib/rack/sendfile.rb:111:in `call'
railties (5.1.6) lib/rails/engine.rb:522:in `call'
puma (3.12.0) lib/puma/configuration.rb:225:in `call'
puma (3.12.0) lib/puma/server.rb:658:in `handle_request'
puma (3.12.0) lib/puma/server.rb:472:in `process_client'
puma (3.12.0) lib/puma/server.rb:332:in `block in run'
puma (3.12.0) lib/puma/thread_pool.rb:133:in `block in spawn_thread'
Started GET "/coins/:id?name=&value=" for 127.0.0.1 at 2018-11-13 11:08:47 -0600
  
AbstractController::ActionNotFound (The action 'show' could not be found for CoinsController):
  
actionpack (5.1.6) lib/abstract_controller/base.rb:119:in `process'
actionview (5.1.6) lib/action_view/rendering.rb:30:in `process'
actionpack (5.1.6) lib/action_controller/metal.rb:189:in `dispatch'
actionpack (5.1.6) lib/action_controller/metal.rb:253:in `dispatch'
actionpack (5.1.6) lib/action_dispatch/routing/route_set.rb:49:in `dispatch'
actionpack (5.1.6) lib/action_dispatch/routing/route_set.rb:31:in `serve'
actionpack (5.1.6) lib/action_dispatch/journey/router.rb:50:in `block in serve'
actionpack (5.1.6) lib/action_dispatch/journey/router.rb:33:in `each'
actionpack (5.1.6) lib/action_dispatch/journey/router.rb:33:in `serve'
actionpack (5.1.6) lib/action_dispatch/routing/route_set.rb:844:in `call'
rack (2.0.6) lib/rack/etag.rb:25:in `call'
rack (2.0.6) lib/rack/conditional_get.rb:25:in `call'
rack (2.0.6) lib/rack/head.rb:12:in `call'
rack (2.0.6) lib/rack/session/abstract/id.rb:232:in `context'
rack (2.0.6) lib/rack/session/abstract/id.rb:226:in `call'
actionpack (5.1.6) lib/action_dispatch/middleware/cookies.rb:613:in `call'
activerecord (5.1.6) lib/active_record/migration.rb:556:in `call'
actionpack (5.1.6) lib/action_dispatch/middleware/callbacks.rb:26:in `block in call'
activesupport (5.1.6) lib/active_support/callbacks.rb:97:in `run_callbacks'
actionpack (5.1.6) lib/action_dispatch/middleware/callbacks.rb:24:in `call'
actionpack (5.1.6) lib/action_dispatch/middleware/executor.rb:12:in `call'
actionpack (5.1.6) lib/action_dispatch/middleware/debug_exceptions.rb:59:in `call'
web-console (3.7.0) lib/web_console/middleware.rb:135:in `call_app'
web-console (3.7.0) lib/web_console/middleware.rb:30:in `block in call'
web-console (3.7.0) lib/web_console/middleware.rb:20:in `catch'
web-console (3.7.0) lib/web_console/middleware.rb:20:in `call'
actionpack (5.1.6) lib/action_dispatch/middleware/show_exceptions.rb:31:in `call'
railties (5.1.6) lib/rails/rack/logger.rb:36:in `call_app'
railties (5.1.6) lib/rails/rack/logger.rb:24:in `block in call'
activesupport (5.1.6) lib/active_support/tagged_logging.rb:69:in `block in tagged'
activesupport (5.1.6) lib/active_support/tagged_logging.rb:26:in `tagged'
activesupport (5.1.6) lib/active_support/tagged_logging.rb:69:in `tagged'
railties (5.1.6) lib/rails/rack/logger.rb:24:in `call'
sprockets-rails (3.2.1) lib/sprockets/rails/quiet_assets.rb:13:in `call'
actionpack (5.1.6) lib/action_dispatch/middleware/remote_ip.rb:79:in `call'
actionpack (5.1.6) lib/action_dispatch/middleware/request_id.rb:25:in `call'
rack (2.0.6) lib/rack/method_override.rb:22:in `call'
rack (2.0.6) lib/rack/runtime.rb:22:in `call'
activesupport (5.1.6) lib/active_support/cache/strategy/local_cache_middleware.rb:27:in `call'
actionpack (5.1.6) lib/action_dispatch/middleware/executor.rb:12:in `call'
actionpack (5.1.6) lib/action_dispatch/middleware/static.rb:125:in `call'
rack (2.0.6) lib/rack/sendfile.rb:111:in `call'
railties (5.1.6) lib/rails/engine.rb:522:in `call'
puma (3.12.0) lib/puma/configuration.rb:225:in `call'
puma (3.12.0) lib/puma/server.rb:658:in `handle_request'
puma (3.12.0) lib/puma/server.rb:472:in `process_client'
puma (3.12.0) lib/puma/server.rb:332:in `block in run'
puma (3.12.0) lib/puma/thread_pool.rb:133:in `block in spawn_thread'
Started GET "/" for 127.0.0.1 at 2018-11-13 11:09:08 -0600
Processing by IndexController#index as HTML
  Rendering index/index.html.erb within layouts/application
  Rendered index/index.html.erb within layouts/application (0.5ms)
Completed 200 OK in 25ms (Views: 24.3ms)


Started GET "/coins/:id?name=&value=" for 127.0.0.1 at 2018-11-13 11:09:09 -0600
Processing by CoinsController#show as HTML
  Parameters: {"name"=>"", "value"=>"", "id"=>":id"}
  Rendering coins/show.html.erb within layouts/application
  Rendered coins/show.html.erb within layouts/application (0.9ms)
Completed 200 OK in 53ms (Views: 49.4ms)


Started GET "/coins/:id?name=rubycoin&value=450" for 127.0.0.1 at 2018-11-13 11:09:19 -0600
Processing by CoinsController#show as HTML
  Parameters: {"name"=>"rubycoin", "value"=>"450", "id"=>":id"}
  Rendering coins/show.html.erb within layouts/application
  Rendered coins/show.html.erb within layouts/application (1.3ms)
Completed 200 OK in 54ms (Views: 50.8ms)


Started GET "/coins/:id?name=rubycoin&value=450" for 127.0.0.1 at 2018-11-13 11:12:30 -0600
Processing by CoinsController#show as HTML
  Parameters: {"name"=>"rubycoin", "value"=>"450", "id"=>":id"}
  Rendering coins/show.html.erb within layouts/application
  Rendered coins/show.html.erb within layouts/application (0.7ms)
Completed 200 OK in 41ms (Views: 38.7ms)


Started GET "/" for 127.0.0.1 at 2018-11-13 11:12:33 -0600
Processing by IndexController#index as HTML
  Rendering index/index.html.erb within layouts/application
  Rendered index/index.html.erb within layouts/application (1.1ms)
Completed 200 OK in 100ms (Views: 98.1ms)


Started GET "/coins/:id?name=rubycoin&value=450" for 127.0.0.1 at 2018-11-13 11:12:37 -0600
Processing by CoinsController#show as HTML
  Parameters: {"name"=>"rubycoin", "value"=>"450", "id"=>":id"}
  Rendering coins/show.html.erb within layouts/application
  Rendered coins/show.html.erb within layouts/application (1.3ms)
Completed 200 OK in 66ms (Views: 61.8ms)


Started GET "/coins/:id?name=rubycoin&value=450" for 127.0.0.1 at 2018-11-13 11:13:37 -0600
Processing by CoinsController#show as HTML
  Parameters: {"name"=>"rubycoin", "value"=>"450", "id"=>":id"}
  Rendering coins/show.html.erb within layouts/application
  Rendered coins/show.html.erb within layouts/application (1.3ms)
Completed 200 OK in 41ms (Views: 37.1ms)


Started GET "/" for 127.0.0.1 at 2018-11-13 11:13:54 -0600
Processing by IndexController#index as HTML
  Rendering index/index.html.erb within layouts/application
  Rendered index/index.html.erb within layouts/application (1.3ms)
Completed 200 OK in 47ms (Views: 45.4ms)


Started GET "/coins/:id?name=rubycoin&value=450" for 127.0.0.1 at 2018-11-13 11:13:57 -0600
Processing by CoinsController#show as HTML
  Parameters: {"name"=>"rubycoin", "value"=>"450", "id"=>":id"}
  Rendering coins/show.html.erb within layouts/application
  Rendered coins/show.html.erb within layouts/application (1.2ms)
Completed 200 OK in 75ms (Views: 72.2ms)


Started GET "/" for 127.0.0.1 at 2018-11-13 11:14:15 -0600
Processing by IndexController#index as HTML
  Rendering index/index.html.erb within layouts/application
  Rendered index/index.html.erb within layouts/application (0.9ms)
Completed 200 OK in 69ms (Views: 68.4ms)


Started GET "/coins/:id?name=rubycoin&value=450" for 127.0.0.1 at 2018-11-13 11:14:20 -0600
Processing by CoinsController#show as HTML
  Parameters: {"name"=>"rubycoin", "value"=>"450", "id"=>":id"}
  Rendering coins/show.html.erb within layouts/application
  Rendered coins/show.html.erb within layouts/application (0.3ms)
Completed 200 OK in 17ms (Views: 16.1ms)


Started GET "/coins/:id?name=rubycoin&value=450" for 127.0.0.1 at 2018-11-13 11:14:44 -0600
Processing by CoinsController#show as HTML
  Parameters: {"name"=>"rubycoin", "value"=>"450", "id"=>":id"}
  Rendering coins/show.html.erb within layouts/application
  Rendered coins/show.html.erb within layouts/application (0.5ms)
Completed 200 OK in 23ms (Views: 21.7ms)


Started GET "/coins/:id?name=rubycoin&value=450" for 127.0.0.1 at 2018-11-13 11:17:25 -0600
Processing by CoinsController#show as HTML
  Parameters: {"name"=>"rubycoin", "value"=>"450", "id"=>":id"}
  Rendering coins/show.html.erb within layouts/application
  Rendered coins/show.html.erb within layouts/application (1.1ms)
Completed 200 OK in 42ms (Views: 39.7ms)


Started GET "/" for 127.0.0.1 at 2018-11-13 11:18:05 -0600
Processing by IndexController#index as HTML
  Rendering index/index.html.erb within layouts/application
  Rendered index/index.html.erb within layouts/application (2.0ms)
Completed 200 OK in 47ms (Views: 45.8ms)


Started GET "/coins/:id?name=rubycoin&value=450" for 127.0.0.1 at 2018-11-13 11:18:10 -0600
Processing by CoinsController#show as HTML
  Parameters: {"name"=>"rubycoin", "value"=>"450", "id"=>":id"}
  Rendering coins/show.html.erb within layouts/application
  Rendered coins/show.html.erb within layouts/application (1.6ms)
Completed 200 OK in 53ms (Views: 49.9ms)


Started GET "/coins" for 127.0.0.1 at 2018-11-13 11:18:12 -0600
Processing by CoinsController#see_all as HTML
  Rendering coins/index.html.erb within layouts/application
  [1m[36mCoin Load (0.9ms)[0m  [1m[34mSELECT "coins".* FROM "coins"[0m
  Rendered coins/index.html.erb within layouts/application (30.3ms)
Completed 200 OK in 84ms (Views: 71.8ms | ActiveRecord: 5.8ms)


Started GET "/" for 127.0.0.1 at 2018-11-13 11:18:53 -0600
Processing by IndexController#index as HTML
  Rendering index/index.html.erb within layouts/application
  Rendered index/index.html.erb within layouts/application (1.6ms)
Completed 200 OK in 51ms (Views: 47.0ms)


Started GET "/coins/:id?name=rubycoin&value=450" for 127.0.0.1 at 2018-11-13 11:18:57 -0600
  
SyntaxError (/home/mmoroney/Desktop/mortgagehippo_code_challenge/app/controllers/coins_controller.rb:20: syntax error, unexpected =>
...  @coin = Coin.find_by name: => params[:name], :value => par...
...                               ^
/home/mmoroney/Desktop/mortgagehippo_code_challenge/app/controllers/coins_controller.rb:20: syntax error, unexpected =>, expecting &. or :: or '[' or '.'
...me: => params[:name], :value => params[:value]
...                               ^):
  
app/controllers/coins_controller.rb:20: syntax error, unexpected =>
app/controllers/coins_controller.rb:20: syntax error, unexpected =>, expecting &. or :: or '[' or '.'
Started GET "/coins/:id?name=rubycoin&value=450" for 127.0.0.1 at 2018-11-13 11:19:09 -0600
  
SyntaxError (/home/mmoroney/Desktop/mortgagehippo_code_challenge/app/controllers/coins_controller.rb:20: syntax error, unexpected =>
...  @coin = Coin.find_by name: => params[:name], value: => par...
...                               ^
/home/mmoroney/Desktop/mortgagehippo_code_challenge/app/controllers/coins_controller.rb:20: syntax error, unexpected tLABEL, expecting '='
... name: => params[:name], value: => params[:value]
...                               ^):
  
app/controllers/coins_controller.rb:20: syntax error, unexpected =>
app/controllers/coins_controller.rb:20: syntax error, unexpected tLABEL, expecting '='
Started GET "/coins/:id?name=rubycoin&value=450" for 127.0.0.1 at 2018-11-13 11:19:21 -0600
  
SyntaxError (/home/mmoroney/Desktop/mortgagehippo_code_challenge/app/controllers/coins_controller.rb:20: syntax error, unexpected =>
...  @coin = Coin.find_by(name: => params[:name], value: => par...
...                               ^
/home/mmoroney/Desktop/mortgagehippo_code_challenge/app/controllers/coins_controller.rb:20: syntax error, unexpected tLABEL, expecting '='
...(name: => params[:name], value: => params[:value])
...                               ^
/home/mmoroney/Desktop/mortgagehippo_code_challenge/app/controllers/coins_controller.rb:20: syntax error, unexpected ')', expecting keyword_end):
  
app/controllers/coins_controller.rb:20: syntax error, unexpected =>
app/controllers/coins_controller.rb:20: syntax error, unexpected tLABEL, expecting '='
app/controllers/coins_controller.rb:20: syntax error, unexpected ')', expecting keyword_end
Started GET "/" for 127.0.0.1 at 2018-11-13 11:19:26 -0600
Processing by IndexController#index as HTML
  Rendering index/index.html.erb within layouts/application
  Rendered index/index.html.erb within layouts/application (1.3ms)
Completed 200 OK in 48ms (Views: 46.8ms)


Started GET "/coins/:id?name=rubycoin&value=450" for 127.0.0.1 at 2018-11-13 11:19:28 -0600
  
SyntaxError (/home/mmoroney/Desktop/mortgagehippo_code_challenge/app/controllers/coins_controller.rb:20: syntax error, unexpected =>
...  @coin = Coin.find_by(name: => params[:name], value: => par...
...                               ^
/home/mmoroney/Desktop/mortgagehippo_code_challenge/app/controllers/coins_controller.rb:20: syntax error, unexpected tLABEL, expecting '='
...(name: => params[:name], value: => params[:value])
...                               ^
/home/mmoroney/Desktop/mortgagehippo_code_challenge/app/controllers/coins_controller.rb:20: syntax error, unexpected ')', expecting keyword_end):
  
app/controllers/coins_controller.rb:20: syntax error, unexpected =>
app/controllers/coins_controller.rb:20: syntax error, unexpected tLABEL, expecting '='
app/controllers/coins_controller.rb:20: syntax error, unexpected ')', expecting keyword_end
Started GET "/coins/:id?name=rubycoin&value=450" for 127.0.0.1 at 2018-11-13 11:19:40 -0600
Processing by CoinsController#show as HTML
  Parameters: {"name"=>"rubycoin", "value"=>"450", "id"=>":id"}
  Rendering coins/show.html.erb within layouts/application
  Rendered coins/show.html.erb within layouts/application (0.4ms)
Completed 200 OK in 22ms (Views: 21.0ms)


Started GET "/" for 127.0.0.1 at 2018-11-13 11:19:43 -0600
Processing by IndexController#index as HTML
  Rendering index/index.html.erb within layouts/application
  Rendered index/index.html.erb within layouts/application (1.3ms)
Completed 200 OK in 78ms (Views: 76.0ms)


Started GET "/coins/:id?name=rubycoin&value=450" for 127.0.0.1 at 2018-11-13 11:19:46 -0600
Processing by CoinsController#show as HTML
  Parameters: {"name"=>"rubycoin", "value"=>"450", "id"=>":id"}
  Rendering coins/show.html.erb within layouts/application
  Rendered coins/show.html.erb within layouts/application (1.3ms)
Completed 200 OK in 56ms (Views: 52.5ms)


Started GET "/" for 127.0.0.1 at 2018-11-13 11:20:10 -0600
Processing by IndexController#index as HTML
  Rendering index/index.html.erb within layouts/application
  Rendered index/index.html.erb within layouts/application (1.5ms)
Completed 200 OK in 64ms (Views: 62.9ms)


Started GET "/coins/:id?name=&value=" for 127.0.0.1 at 2018-11-13 11:20:11 -0600
Processing by CoinsController#show as HTML
  Parameters: {"name"=>"", "value"=>"", "id"=>":id"}
  Rendering coins/show.html.erb within layouts/application
  Rendered coins/show.html.erb within layouts/application (1.7ms)
Completed 200 OK in 78ms (Views: 73.4ms)


Started GET "/coins/:id?name=rubycoin&value=450" for 127.0.0.1 at 2018-11-13 11:20:15 -0600
Processing by CoinsController#show as HTML
  Parameters: {"name"=>"rubycoin", "value"=>"450", "id"=>":id"}
  Rendering coins/show.html.erb within layouts/application
  Rendered coins/show.html.erb within layouts/application (2.2ms)
Completed 200 OK in 76ms (Views: 72.0ms)


Started GET "/" for 127.0.0.1 at 2018-11-13 11:20:53 -0600
Processing by IndexController#index as HTML
  Rendering index/index.html.erb within layouts/application
  Rendered index/index.html.erb within layouts/application (0.7ms)
Completed 200 OK in 35ms (Views: 33.1ms)


Started GET "/coins/:id?name=rubycoin&value=450" for 127.0.0.1 at 2018-11-13 11:20:56 -0600
Processing by CoinsController#show as HTML
  Parameters: {"name"=>"rubycoin", "value"=>"450", "id"=>":id"}
  Rendering coins/show.html.erb within layouts/application
  Rendered coins/show.html.erb within layouts/application (0.5ms)
Completed 200 OK in 33ms (Views: 30.5ms)


Started GET "/" for 127.0.0.1 at 2018-11-13 11:21:22 -0600
Processing by IndexController#index as HTML
  Rendering index/index.html.erb within layouts/application
  Rendered index/index.html.erb within layouts/application (2.5ms)
Completed 200 OK in 53ms (Views: 51.2ms)


Started GET "/coins/:id?name=rubycoin&value=450" for 127.0.0.1 at 2018-11-13 11:21:26 -0600
Processing by CoinsController#show as HTML
  Parameters: {"name"=>"rubycoin", "value"=>"450", "id"=>":id"}
  Rendering coins/show.html.erb within layouts/application
  Rendered coins/show.html.erb within layouts/application (0.9ms)
Completed 200 OK in 44ms (Views: 40.9ms)


Started GET "/" for 127.0.0.1 at 2018-11-13 11:22:47 -0600
Processing by IndexController#index as HTML
  Rendering index/index.html.erb within layouts/application
  Rendered index/index.html.erb within layouts/application (0.6ms)
Completed 200 OK in 24ms (Views: 23.4ms)


Started GET "/coins/:id?name=rubycoin&value=450" for 127.0.0.1 at 2018-11-13 11:22:50 -0600
Processing by CoinsController#show as HTML
  Parameters: {"name"=>"rubycoin", "value"=>"450", "id"=>":id"}
  Rendering coins/show.html.erb within layouts/application
  Rendered coins/show.html.erb within layouts/application (0.8ms)
Completed 200 OK in 43ms (Views: 38.5ms)


Started GET "/" for 127.0.0.1 at 2018-11-13 11:23:09 -0600
Processing by IndexController#index as HTML
  Rendering index/index.html.erb within layouts/application
  Rendered index/index.html.erb within layouts/application (2.0ms)
Completed 200 OK in 54ms (Views: 51.3ms)


Started GET "/coins/:id?name=michael&value=450" for 127.0.0.1 at 2018-11-13 11:23:13 -0600
Processing by CoinsController#show as HTML
  Parameters: {"name"=>"michael", "value"=>"450", "id"=>":id"}
  Rendering coins/show.html.erb within layouts/application
  Rendered coins/show.html.erb within layouts/application (2.3ms)
Completed 200 OK in 63ms (Views: 59.6ms)


Started GET "/coins/:id?name=michael&value=450" for 127.0.0.1 at 2018-11-13 11:23:46 -0600
Processing by CoinsController#see_one as HTML
  Parameters: {"name"=>"michael", "value"=>"450", "id"=>":id"}
  [1m[36mCoin Load (0.3ms)[0m  [1m[34mSELECT  "coins".* FROM "coins" WHERE "coins"."name" = ? AND "coins"."value" = ? LIMIT ?[0m  [["name", "michael"], ["value", 450], ["LIMIT", 1]]
  Rendering coins/show.html.erb within layouts/application
  Rendered coins/show.html.erb within layouts/application (0.6ms)
Completed 200 OK in 48ms (Views: 27.4ms | ActiveRecord: 1.5ms)


Started GET "/" for 127.0.0.1 at 2018-11-13 11:23:49 -0600
Processing by IndexController#index as HTML
  Rendering index/index.html.erb within layouts/application
  Rendered index/index.html.erb within layouts/application (1.1ms)
Completed 200 OK in 84ms (Views: 82.3ms | ActiveRecord: 0.0ms)


Started GET "/coins/:id?name=rubycoin&value=450" for 127.0.0.1 at 2018-11-13 11:23:51 -0600
Processing by CoinsController#see_one as HTML
  Parameters: {"name"=>"rubycoin", "value"=>"450", "id"=>":id"}
  [1m[36mCoin Load (1.2ms)[0m  [1m[34mSELECT  "coins".* FROM "coins" WHERE "coins"."name" = ? AND "coins"."value" = ? LIMIT ?[0m  [["name", "rubycoin"], ["value", 450], ["LIMIT", 1]]
  Rendering coins/show.html.erb within layouts/application
  Rendered coins/show.html.erb within layouts/application (1.8ms)
Completed 200 OK in 82ms (Views: 76.9ms | ActiveRecord: 1.2ms)


Started GET "/coins/:id?name=rubycoin&value=450" for 127.0.0.1 at 2018-11-13 11:24:24 -0600
Processing by CoinsController#see_one as HTML
  Parameters: {"name"=>"rubycoin", "value"=>"450", "id"=>":id"}
  [1m[36mCoin Load (0.3ms)[0m  [1m[34mSELECT  "coins".* FROM "coins" WHERE "coins"."name" = ? AND "coins"."value" = ? LIMIT ?[0m  [["name", "rubycoin"], ["value", 450], ["LIMIT", 1]]
  Rendering coins/show.html.erb within layouts/application
  Rendered coins/show.html.erb within layouts/application (4.2ms)
Completed 500 Internal Server Error in 24ms (ActiveRecord: 1.9ms)


  
ActionView::Template::Error (undefined method `name' for nil:NilClass):
    1: <h1>fuck</h1>
    2: <%= @coin.name %>
  
app/views/coins/show.html.erb:2:in `_app_views_coins_show_html_erb__1540270366520226974_69850832203900'
app/controllers/coins_controller.rb:20:in `see_one'
Started GET "/coins/:id?name=rubycoin&value=450" for 127.0.0.1 at 2018-11-13 11:24:43 -0600
Processing by CoinsController#see_one as HTML
  Parameters: {"name"=>"rubycoin", "value"=>"450", "id"=>":id"}
  [1m[36mCoin Load (0.2ms)[0m  [1m[34mSELECT  "coins".* FROM "coins" WHERE "coins"."name" = ? AND "coins"."value" = ? LIMIT ?[0m  [["name", "rubycoin"], ["value", 450], ["LIMIT", 1]]
  Rendering coins/show.html.erb within layouts/application
  Rendered coins/show.html.erb within layouts/application (1.2ms)
Completed 200 OK in 62ms (Views: 36.0ms | ActiveRecord: 1.6ms)


Started GET "/coins/:id?name=rubycoin&value=450" for 127.0.0.1 at 2018-11-13 11:25:17 -0600
Processing by CoinsController#see_one as HTML
  Parameters: {"name"=>"rubycoin", "value"=>"450", "id"=>":id"}
  [1m[36mCoin Load (0.1ms)[0m  [1m[34mSELECT  "coins".* FROM "coins" WHERE "coins"."name" = ? AND "coins"."value" = ? LIMIT ?[0m  [["name", "rubycoin"], ["value", 450], ["LIMIT", 1]]
  Rendering coins/show.html.erb within layouts/application
  Rendered coins/show.html.erb within layouts/application (0.4ms)
Completed 200 OK in 21ms (Views: 20.2ms | ActiveRecord: 0.1ms)


Started GET "/coins/:id?name=rubycoin&value=450" for 127.0.0.1 at 2018-11-13 11:25:21 -0600
Processing by CoinsController#see_one as HTML
  Parameters: {"name"=>"rubycoin", "value"=>"450", "id"=>":id"}
  [1m[36mCoin Load (0.4ms)[0m  [1m[34mSELECT  "coins".* FROM "coins" WHERE "coins"."name" = ? AND "coins"."value" = ? LIMIT ?[0m  [["name", "rubycoin"], ["value", 450], ["LIMIT", 1]]
  Rendering coins/show.html.erb within layouts/application
  Rendered coins/show.html.erb within layouts/application (2.3ms)
Completed 200 OK in 98ms (Views: 94.8ms | ActiveRecord: 0.4ms)


Started GET "/" for 127.0.0.1 at 2018-11-13 11:25:23 -0600
Processing by IndexController#index as HTML
  Rendering index/index.html.erb within layouts/application
  Rendered index/index.html.erb within layouts/application (0.8ms)
Completed 200 OK in 39ms (Views: 38.0ms | ActiveRecord: 0.0ms)


Started GET "/coins/:id?name=rubycoin&value=450" for 127.0.0.1 at 2018-11-13 11:25:28 -0600
Processing by CoinsController#see_one as HTML
  Parameters: {"name"=>"rubycoin", "value"=>"450", "id"=>":id"}
  [1m[36mCoin Load (0.4ms)[0m  [1m[34mSELECT  "coins".* FROM "coins" WHERE "coins"."name" = ? AND "coins"."value" = ? LIMIT ?[0m  [["name", "rubycoin"], ["value", 450], ["LIMIT", 1]]
  Rendering coins/show.html.erb within layouts/application
  Rendered coins/show.html.erb within layouts/application (1.7ms)
Completed 200 OK in 69ms (Views: 65.2ms | ActiveRecord: 0.4ms)


Started GET "/coins/:id?name=michael&value=450" for 127.0.0.1 at 2018-11-13 11:25:45 -0600
Processing by CoinsController#see_one as HTML
  Parameters: {"name"=>"michael", "value"=>"450", "id"=>":id"}
  [1m[36mCoin Load (2.5ms)[0m  [1m[34mSELECT  "coins".* FROM "coins" WHERE "coins"."name" = ? AND "coins"."value" = ? LIMIT ?[0m  [["name", "michael"], ["value", 450], ["LIMIT", 1]]
  Rendering coins/show.html.erb within layouts/application
  Rendered coins/show.html.erb within layouts/application (1.9ms)
Completed 200 OK in 62ms (Views: 55.6ms | ActiveRecord: 2.5ms)


Started GET "/" for 127.0.0.1 at 2018-11-13 13:51:20 -0600
  [1m[35m (0.1ms)[0m  [1m[34mSELECT "schema_migrations"."version" FROM "schema_migrations" ORDER BY "schema_migrations"."version" ASC[0m
Processing by IndexController#index as HTML
  Rendering index/index.html.erb within layouts/application
  Rendered index/index.html.erb within layouts/application (1.4ms)
Completed 200 OK in 184ms (Views: 178.5ms | ActiveRecord: 0.0ms)


Started POST "/coins" for 127.0.0.1 at 2018-11-13 13:51:23 -0600
Processing by CoinsController#create as HTML
  Parameters: {"name"=>"", "value"=>""}
Can't verify CSRF token authenticity.
  [1m[35m (0.3ms)[0m  [1m[36mbegin transaction[0m
  [1m[35mSQL (1.1ms)[0m  [1m[32mINSERT INTO "coins" ("name", "value", "created_at", "updated_at") VALUES (?, ?, ?, ?)[0m  [["name", ""], ["value", 0], ["created_at", "2018-11-13 19:51:23.208234"], ["updated_at", "2018-11-13 19:51:23.208234"]]
  [1m[35m (5.9ms)[0m  [1m[36mcommit transaction[0m
Redirected to http://localhost:3000/
Completed 302 Found in 73ms (ActiveRecord: 13.5ms)


Started GET "/" for 127.0.0.1 at 2018-11-13 13:51:23 -0600
Processing by IndexController#index as HTML
  Rendering index/index.html.erb within layouts/application
  Rendered index/index.html.erb within layouts/application (1.6ms)
Completed 200 OK in 32ms (Views: 30.8ms | ActiveRecord: 0.0ms)


Started GET "/coins" for 127.0.0.1 at 2018-11-13 13:51:26 -0600
Processing by CoinsController#see_all as HTML
  Rendering coins/index.html.erb within layouts/application
  [1m[36mCoin Load (1.1ms)[0m  [1m[34mSELECT "coins".* FROM "coins"[0m
  Rendered coins/index.html.erb within layouts/application (10.8ms)
Completed 200 OK in 54ms (Views: 51.4ms | ActiveRecord: 1.1ms)


Started GET "/" for 127.0.0.1 at 2018-11-13 13:51:28 -0600
Processing by IndexController#index as HTML
  Rendering index/index.html.erb within layouts/application
  Rendered index/index.html.erb within layouts/application (1.0ms)
Completed 200 OK in 62ms (Views: 60.3ms | ActiveRecord: 0.0ms)


Started GET "/" for 127.0.0.1 at 2018-11-13 13:58:10 -0600
Processing by IndexController#index as HTML
  Rendering index/index.html.erb within layouts/application
  Rendered index/index.html.erb within layouts/application (2.1ms)
Completed 200 OK in 59ms (Views: 58.1ms | ActiveRecord: 0.0ms)


Started GET "/" for 127.0.0.1 at 2018-11-13 13:58:26 -0600
Processing by IndexController#index as HTML
  Rendering index/index.html.erb within layouts/application
  Rendered index/index.html.erb within layouts/application (1.3ms)
Completed 200 OK in 67ms (Views: 65.5ms | ActiveRecord: 0.0ms)


Started GET "/" for 127.0.0.1 at 2018-11-13 15:10:08 -0600
  [1m[35m (0.6ms)[0m  [1m[34mSELECT "schema_migrations"."version" FROM "schema_migrations" ORDER BY "schema_migrations"."version" ASC[0m
Processing by IndexController#index as HTML
  Rendering index/index.html.erb within layouts/application
  Rendered index/index.html.erb within layouts/application (0.9ms)
Completed 200 OK in 197ms (Views: 190.9ms | ActiveRecord: 0.0ms)


Started GET "/coins/:id/edit?name=&value=" for 127.0.0.1 at 2018-11-13 15:10:55 -0600
Processing by CoinsController#update_one as HTML
  Parameters: {"name"=>"", "value"=>"", "id"=>":id"}
  [1m[36mCoin Load (1.2ms)[0m  [1m[34mSELECT  "coins".* FROM "coins" WHERE "coins"."name" = ? AND "coins"."value" = ? LIMIT ?[0m  [["name", ""], ["value", 0], ["LIMIT", 1]]
  Rendering coins/update_form.html.erb within layouts/application
  Rendered coins/update_form.html.erb within layouts/application (1.4ms)
Completed 200 OK in 101ms (Views: 45.2ms | ActiveRecord: 7.1ms)


Started GET "/coins" for 127.0.0.1 at 2018-11-13 15:11:03 -0600
Processing by CoinsController#see_all as HTML
  Rendering coins/index.html.erb within layouts/application
  [1m[36mCoin Load (0.7ms)[0m  [1m[34mSELECT "coins".* FROM "coins"[0m
  Rendered coins/index.html.erb within layouts/application (5.1ms)
Completed 200 OK in 42ms (Views: 39.3ms | ActiveRecord: 0.7ms)


Started GET "/" for 127.0.0.1 at 2018-11-13 15:12:13 -0600
Processing by IndexController#index as HTML
  Rendering index/index.html.erb within layouts/application
  Rendered index/index.html.erb within layouts/application (1.2ms)
Completed 200 OK in 35ms (Views: 33.6ms | ActiveRecord: 0.0ms)


Started GET "/" for 127.0.0.1 at 2018-11-13 15:12:15 -0600
Processing by IndexController#index as HTML
  Rendering index/index.html.erb within layouts/application
  Rendered index/index.html.erb within layouts/application (1.3ms)
Completed 200 OK in 35ms (Views: 33.8ms | ActiveRecord: 0.0ms)


Started GET "/coins" for 127.0.0.1 at 2018-11-13 15:12:17 -0600
Processing by CoinsController#see_all as HTML
  Rendering coins/index.html.erb within layouts/application
  [1m[36mCoin Load (0.6ms)[0m  [1m[34mSELECT "coins".* FROM "coins"[0m
  Rendered coins/index.html.erb within layouts/application (4.4ms)
Completed 200 OK in 55ms (Views: 53.3ms | ActiveRecord: 0.6ms)


Started GET "/" for 127.0.0.1 at 2018-11-13 15:13:25 -0600
Processing by IndexController#index as HTML
  Rendering index/index.html.erb within layouts/application
  Rendered index/index.html.erb within layouts/application (0.7ms)
Completed 200 OK in 35ms (Views: 33.4ms | ActiveRecord: 0.0ms)


Started GET "/coins/:id/edit?name=&value=" for 127.0.0.1 at 2018-11-13 15:13:27 -0600
Processing by CoinsController#update_one as HTML
  Parameters: {"name"=>"", "value"=>"", "id"=>":id"}
  [1m[36mCoin Load (0.4ms)[0m  [1m[34mSELECT  "coins".* FROM "coins" WHERE "coins"."name" = ? AND "coins"."value" = ? LIMIT ?[0m  [["name", ""], ["value", 0], ["LIMIT", 1]]
  Rendering coins/update_form.html.erb within layouts/application
  Rendered coins/update_form.html.erb within layouts/application (1.3ms)
Completed 200 OK in 30ms (Views: 27.8ms | ActiveRecord: 0.4ms)


Started POST "/coins" for 127.0.0.1 at 2018-11-13 15:13:36 -0600
Processing by CoinsController#create as HTML
  Parameters: {"name"=>"tom", "value"=>"450"}
Can't verify CSRF token authenticity.
  [1m[35m (0.3ms)[0m  [1m[36mbegin transaction[0m
  [1m[35mSQL (1.0ms)[0m  [1m[32mINSERT INTO "coins" ("name", "value", "created_at", "updated_at") VALUES (?, ?, ?, ?)[0m  [["name", "tom"], ["value", 450], ["created_at", "2018-11-13 21:13:36.776684"], ["updated_at", "2018-11-13 21:13:36.776684"]]
  [1m[35m (5.6ms)[0m  [1m[36mcommit transaction[0m
Redirected to http://localhost:3000/
Completed 302 Found in 27ms (ActiveRecord: 6.8ms)


Started GET "/" for 127.0.0.1 at 2018-11-13 15:13:36 -0600
Processing by IndexController#index as HTML
  Rendering index/index.html.erb within layouts/application
  Rendered index/index.html.erb within layouts/application (1.1ms)
Completed 200 OK in 55ms (Views: 52.9ms | ActiveRecord: 0.0ms)


Started GET "/coins/:id/edit?name=tom&value=450" for 127.0.0.1 at 2018-11-13 15:13:41 -0600
Processing by CoinsController#update_one as HTML
  Parameters: {"name"=>"tom", "value"=>"450", "id"=>":id"}
  [1m[36mCoin Load (0.4ms)[0m  [1m[34mSELECT  "coins".* FROM "coins" WHERE "coins"."name" = ? AND "coins"."value" = ? LIMIT ?[0m  [["name", "tom"], ["value", 450], ["LIMIT", 1]]
  Rendering coins/update_form.html.erb within layouts/application
  Rendered coins/update_form.html.erb within layouts/application (1.7ms)
Completed 200 OK in 104ms (Views: 100.8ms | ActiveRecord: 0.4ms)


Started GET "/coins" for 127.0.0.1 at 2018-11-13 15:17:20 -0600
Processing by CoinsController#see_all as HTML
  Rendering coins/index.html.erb within layouts/application
  [1m[36mCoin Load (0.5ms)[0m  [1m[34mSELECT "coins".* FROM "coins"[0m
  Rendered coins/index.html.erb within layouts/application (3.7ms)
Completed 200 OK in 39ms (Views: 36.6ms | ActiveRecord: 0.5ms)


Started GET "/" for 127.0.0.1 at 2018-11-13 15:17:46 -0600
Processing by IndexController#index as HTML
  Rendering index/index.html.erb within layouts/application
  Rendered index/index.html.erb within layouts/application (0.3ms)
Completed 200 OK in 19ms (Views: 18.6ms)


Started GET "/coins" for 127.0.0.1 at 2018-11-13 15:17:47 -0600
Processing by CoinsController#see_all as HTML
  Rendering coins/index.html.erb within layouts/application
  [1m[36mCoin Load (0.7ms)[0m  [1m[34mSELECT "coins".* FROM "coins"[0m
  Rendered coins/index.html.erb within layouts/application (31.6ms)
Completed 200 OK in 92ms (Views: 78.2ms | ActiveRecord: 4.0ms)


Started GET "/some_route_idc?api_key=abcd" for 127.0.0.1 at 2018-11-13 15:19:59 -0600
  
ActionController::RoutingError (No route matches [GET] "/some_route_idc"):
  
actionpack (5.1.6) lib/action_dispatch/middleware/debug_exceptions.rb:63:in `call'
web-console (3.7.0) lib/web_console/middleware.rb:135:in `call_app'
web-console (3.7.0) lib/web_console/middleware.rb:30:in `block in call'
web-console (3.7.0) lib/web_console/middleware.rb:20:in `catch'
web-console (3.7.0) lib/web_console/middleware.rb:20:in `call'
actionpack (5.1.6) lib/action_dispatch/middleware/show_exceptions.rb:31:in `call'
railties (5.1.6) lib/rails/rack/logger.rb:36:in `call_app'
railties (5.1.6) lib/rails/rack/logger.rb:24:in `block in call'
activesupport (5.1.6) lib/active_support/tagged_logging.rb:69:in `block in tagged'
activesupport (5.1.6) lib/active_support/tagged_logging.rb:26:in `tagged'
activesupport (5.1.6) lib/active_support/tagged_logging.rb:69:in `tagged'
railties (5.1.6) lib/rails/rack/logger.rb:24:in `call'
sprockets-rails (3.2.1) lib/sprockets/rails/quiet_assets.rb:13:in `call'
actionpack (5.1.6) lib/action_dispatch/middleware/remote_ip.rb:79:in `call'
actionpack (5.1.6) lib/action_dispatch/middleware/request_id.rb:25:in `call'
rack (2.0.6) lib/rack/method_override.rb:22:in `call'
rack (2.0.6) lib/rack/runtime.rb:22:in `call'
activesupport (5.1.6) lib/active_support/cache/strategy/local_cache_middleware.rb:27:in `call'
actionpack (5.1.6) lib/action_dispatch/middleware/executor.rb:12:in `call'
actionpack (5.1.6) lib/action_dispatch/middleware/static.rb:125:in `call'
rack (2.0.6) lib/rack/sendfile.rb:111:in `call'
railties (5.1.6) lib/rails/engine.rb:522:in `call'
puma (3.12.0) lib/puma/configuration.rb:225:in `call'
puma (3.12.0) lib/puma/server.rb:658:in `handle_request'
puma (3.12.0) lib/puma/server.rb:472:in `process_client'
puma (3.12.0) lib/puma/server.rb:332:in `block in run'
puma (3.12.0) lib/puma/thread_pool.rb:133:in `block in spawn_thread'
Started GET "/" for 127.0.0.1 at 2018-11-13 15:20:06 -0600
Processing by IndexController#index as HTML
  Rendering index/index.html.erb within layouts/application
  Rendered index/index.html.erb within layouts/application (2.9ms)
Completed 200 OK in 54ms (Views: 52.1ms | ActiveRecord: 0.0ms)


Started GET "/" for 127.0.0.1 at 2018-11-13 15:20:56 -0600
Processing by IndexController#index as HTML
  Rendering index/index.html.erb within layouts/application
  Rendered index/index.html.erb within layouts/application (0.5ms)
Completed 200 OK in 24ms (Views: 23.6ms | ActiveRecord: 0.0ms)


Started GET "/coins" for 127.0.0.1 at 2018-11-13 15:20:59 -0600
Processing by CoinsController#see_all as HTML
  Rendering coins/index.html.erb within layouts/application
  [1m[36mCoin Load (0.8ms)[0m  [1m[34mSELECT "coins".* FROM "coins"[0m
  Rendered coins/index.html.erb within layouts/application (5.7ms)
Completed 200 OK in 79ms (Views: 75.7ms | ActiveRecord: 0.8ms)


Started GET "/" for 127.0.0.1 at 2018-11-13 15:21:02 -0600
Processing by IndexController#index as HTML
  Rendering index/index.html.erb within layouts/application
  Rendered index/index.html.erb within layouts/application (1.5ms)
Completed 200 OK in 50ms (Views: 48.4ms | ActiveRecord: 0.0ms)


Started GET "/coins" for 127.0.0.1 at 2018-11-13 15:21:37 -0600
Processing by CoinsController#see_all as HTML
  Rendering coins/index.html.erb within layouts/application
  [1m[36mCoin Load (0.8ms)[0m  [1m[34mSELECT "coins".* FROM "coins"[0m
  Rendered coins/index.html.erb within layouts/application (5.7ms)
Completed 200 OK in 76ms (Views: 73.9ms | ActiveRecord: 0.8ms)


  [1m[35m (0.1ms)[0m  [1m[34mSELECT "schema_migrations"."version" FROM "schema_migrations" ORDER BY "schema_migrations"."version" ASC[0m
  [1m[35m (0.2ms)[0m  [1m[34mSELECT "ar_internal_metadata"."value" FROM "ar_internal_metadata" WHERE "ar_internal_metadata"."key" = ?[0m  [["key", "environment"]]
  [1m[35m (0.1ms)[0m  [1m[34mSELECT "schema_migrations"."version" FROM "schema_migrations" ORDER BY "schema_migrations"."version" ASC[0m
  [1m[35m (0.1ms)[0m  [1m[34mSELECT "ar_internal_metadata"."value" FROM "ar_internal_metadata" WHERE "ar_internal_metadata"."key" = ?[0m  [["key", "environment"]]
  [1m[35m (0.1ms)[0m  [1m[34mSELECT "schema_migrations"."version" FROM "schema_migrations" ORDER BY "schema_migrations"."version" ASC[0m
  [1m[35m (0.1ms)[0m  [1m[34mSELECT "ar_internal_metadata"."value" FROM "ar_internal_metadata" WHERE "ar_internal_metadata"."key" = ?[0m  [["key", "environment"]]
  [1m[35m (0.1ms)[0m  [1m[35mDROP TABLE IF EXISTS "apiusers"[0m
  [1m[35m (0.1ms)[0m  [1m[34mSELECT sqlite_version(*)[0m
  [1m[35m (7.3ms)[0m  [1m[35mCREATE TABLE "apiusers" ("id" INTEGER PRIMARY KEY AUTOINCREMENT NOT NULL, "api_key" varchar, "created_at" datetime NOT NULL, "updated_at" datetime NOT NULL)[0m
  [1m[35m (0.1ms)[0m  [1m[35mDROP TABLE IF EXISTS "coins"[0m
  [1m[35m (6.8ms)[0m  [1m[35mCREATE TABLE "coins" ("id" INTEGER PRIMARY KEY AUTOINCREMENT NOT NULL, "name" varchar, "value" integer, "created_at" datetime NOT NULL, "updated_at" datetime NOT NULL)[0m
  [1m[35m (0.1ms)[0m  [1m[35mDROP TABLE IF EXISTS "transactions"[0m
  [1m[35m (6.4ms)[0m  [1m[35mCREATE TABLE "transactions" ("id" INTEGER PRIMARY KEY AUTOINCREMENT NOT NULL, "created_at" datetime NOT NULL, "updated_at" datetime NOT NULL)[0m
  [1m[35m (8.8ms)[0m  [1m[35mCREATE TABLE "schema_migrations" ("version" varchar NOT NULL PRIMARY KEY)[0m
  [1m[35m (0.4ms)[0m  [1m[34mSELECT "schema_migrations"."version" FROM "schema_migrations" ORDER BY "schema_migrations"."version" ASC[0m
  [1m[35m (10.3ms)[0m  [1m[32mINSERT INTO "schema_migrations" (version) VALUES (20181113152635)[0m
  [1m[35m (5.9ms)[0m  [1m[32mINSERT INTO "schema_migrations" (version) VALUES
(20181112194956),
(20181112192650);

[0m
  [1m[35m (7.2ms)[0m  [1m[35mCREATE TABLE "ar_internal_metadata" ("key" varchar NOT NULL PRIMARY KEY, "value" varchar, "created_at" datetime NOT NULL, "updated_at" datetime NOT NULL)[0m
  [1m[36mActiveRecord::InternalMetadata Load (0.4ms)[0m  [1m[34mSELECT  "ar_internal_metadata".* FROM "ar_internal_metadata" WHERE "ar_internal_metadata"."key" = ? LIMIT ?[0m  [["key", "environment"], ["LIMIT", 1]]
  [1m[35m (0.1ms)[0m  [1m[36mbegin transaction[0m
  [1m[35mSQL (0.4ms)[0m  [1m[32mINSERT INTO "ar_internal_metadata" ("key", "value", "created_at", "updated_at") VALUES (?, ?, ?, ?)[0m  [["key", "environment"], ["value", "development"], ["created_at", "2018-11-13 21:25:56.146989"], ["updated_at", "2018-11-13 21:25:56.146989"]]
  [1m[35m (4.8ms)[0m  [1m[36mcommit transaction[0m
  [1m[36mActiveRecord::InternalMetadata Load (0.2ms)[0m  [1m[34mSELECT  "ar_internal_metadata".* FROM "ar_internal_metadata" WHERE "ar_internal_metadata"."key" = ? LIMIT ?[0m  [["key", "environment"], ["LIMIT", 1]]
  [1m[35m (0.1ms)[0m  [1m[36mbegin transaction[0m
  [1m[35m (0.1ms)[0m  [1m[36mcommit transaction[0m
  [1m[35m (0.1ms)[0m  [1m[35mDROP TABLE IF EXISTS "apiusers"[0m
  [1m[35m (0.1ms)[0m  [1m[34mSELECT sqlite_version(*)[0m
  [1m[35m (11.1ms)[0m  [1m[35mCREATE TABLE "apiusers" ("id" INTEGER PRIMARY KEY AUTOINCREMENT NOT NULL, "api_key" varchar, "created_at" datetime NOT NULL, "updated_at" datetime NOT NULL)[0m
  [1m[35m (0.3ms)[0m  [1m[35mDROP TABLE IF EXISTS "coins"[0m
  [1m[35m (12.7ms)[0m  [1m[35mCREATE TABLE "coins" ("id" INTEGER PRIMARY KEY AUTOINCREMENT NOT NULL, "name" varchar, "value" integer, "created_at" datetime NOT NULL, "updated_at" datetime NOT NULL)[0m
  [1m[35m (0.5ms)[0m  [1m[35mDROP TABLE IF EXISTS "transactions"[0m
  [1m[35m (8.6ms)[0m  [1m[35mCREATE TABLE "transactions" ("id" INTEGER PRIMARY KEY AUTOINCREMENT NOT NULL, "created_at" datetime NOT NULL, "updated_at" datetime NOT NULL)[0m
  [1m[35m (6.8ms)[0m  [1m[35mCREATE TABLE "schema_migrations" ("version" varchar NOT NULL PRIMARY KEY)[0m
  [1m[35m (0.3ms)[0m  [1m[34mSELECT "schema_migrations"."version" FROM "schema_migrations" ORDER BY "schema_migrations"."version" ASC[0m
  [1m[35m (11.4ms)[0m  [1m[32mINSERT INTO "schema_migrations" (version) VALUES (20181113152635)[0m
  [1m[35m (9.9ms)[0m  [1m[32mINSERT INTO "schema_migrations" (version) VALUES
(20181112194956),
(20181112192650);

[0m
  [1m[35m (7.3ms)[0m  [1m[35mCREATE TABLE "ar_internal_metadata" ("key" varchar NOT NULL PRIMARY KEY, "value" varchar, "created_at" datetime NOT NULL, "updated_at" datetime NOT NULL)[0m
  [1m[36mActiveRecord::InternalMetadata Load (0.5ms)[0m  [1m[34mSELECT  "ar_internal_metadata".* FROM "ar_internal_metadata" WHERE "ar_internal_metadata"."key" = ? LIMIT ?[0m  [["key", "environment"], ["LIMIT", 1]]
  [1m[35m (0.1ms)[0m  [1m[36mbegin transaction[0m
  [1m[35mSQL (0.5ms)[0m  [1m[32mINSERT INTO "ar_internal_metadata" ("key", "value", "created_at", "updated_at") VALUES (?, ?, ?, ?)[0m  [["key", "environment"], ["value", "development"], ["created_at", "2018-11-13 21:25:56.263615"], ["updated_at", "2018-11-13 21:25:56.263615"]]
  [1m[35m (5.9ms)[0m  [1m[36mcommit transaction[0m
  [1m[36mActiveRecord::InternalMetadata Load (0.2ms)[0m  [1m[34mSELECT  "ar_internal_metadata".* FROM "ar_internal_metadata" WHERE "ar_internal_metadata"."key" = ? LIMIT ?[0m  [["key", "environment"], ["LIMIT", 1]]
  [1m[35m (0.1ms)[0m  [1m[36mbegin transaction[0m
  [1m[35mSQL (0.5ms)[0m  [1m[33mUPDATE "ar_internal_metadata" SET "value" = ?, "updated_at" = ? WHERE "ar_internal_metadata"."key" = ?[0m  [["value", "test"], ["updated_at", "2018-11-13 21:25:56.277119"], ["key", "environment"]]
  [1m[35m (5.2ms)[0m  [1m[36mcommit transaction[0m
  [1m[35m (0.3ms)[0m  [1m[34mSELECT "schema_migrations"."version" FROM "schema_migrations" ORDER BY "schema_migrations"."version" ASC[0m
  [1m[35m (0.1ms)[0m  [1m[34mSELECT "schema_migrations"."version" FROM "schema_migrations" ORDER BY "schema_migrations"."version" ASC[0m
  [1m[35m (0.1ms)[0m  [1m[34mSELECT "ar_internal_metadata"."value" FROM "ar_internal_metadata" WHERE "ar_internal_metadata"."key" = ?[0m  [["key", "environment"]]
  [1m[35m (0.1ms)[0m  [1m[34mSELECT "schema_migrations"."version" FROM "schema_migrations" ORDER BY "schema_migrations"."version" ASC[0m
  [1m[35m (0.0ms)[0m  [1m[34mSELECT "ar_internal_metadata"."value" FROM "ar_internal_metadata" WHERE "ar_internal_metadata"."key" = ?[0m  [["key", "environment"]]
  [1m[35m (0.0ms)[0m  [1m[34mSELECT "schema_migrations"."version" FROM "schema_migrations" ORDER BY "schema_migrations"."version" ASC[0m
  [1m[35m (0.0ms)[0m  [1m[34mSELECT "ar_internal_metadata"."value" FROM "ar_internal_metadata" WHERE "ar_internal_metadata"."key" = ?[0m  [["key", "environment"]]
  [1m[35m (0.1ms)[0m  [1m[35mDROP TABLE IF EXISTS "apiusers"[0m
  [1m[35m (0.1ms)[0m  [1m[34mSELECT sqlite_version(*)[0m
  [1m[35m (7.5ms)[0m  [1m[35mCREATE TABLE "apiusers" ("id" INTEGER PRIMARY KEY AUTOINCREMENT NOT NULL, "api_key" varchar, "created_at" datetime NOT NULL, "updated_at" datetime NOT NULL)[0m
  [1m[35m (0.3ms)[0m  [1m[35mDROP TABLE IF EXISTS "coins"[0m
  [1m[35m (6.4ms)[0m  [1m[35mCREATE TABLE "coins" ("id" INTEGER PRIMARY KEY AUTOINCREMENT NOT NULL, "name" varchar, "value" integer, "created_at" datetime NOT NULL, "updated_at" datetime NOT NULL)[0m
  [1m[35m (0.5ms)[0m  [1m[35mDROP TABLE IF EXISTS "transactions"[0m
  [1m[35m (6.9ms)[0m  [1m[35mCREATE TABLE "transactions" ("id" INTEGER PRIMARY KEY AUTOINCREMENT NOT NULL, "created_at" datetime NOT NULL, "updated_at" datetime NOT NULL)[0m
  [1m[35m (10.1ms)[0m  [1m[35mCREATE TABLE "schema_migrations" ("version" varchar NOT NULL PRIMARY KEY)[0m
  [1m[35m (0.5ms)[0m  [1m[34mSELECT "schema_migrations"."version" FROM "schema_migrations" ORDER BY "schema_migrations"."version" ASC[0m
  [1m[35m (11.2ms)[0m  [1m[32mINSERT INTO "schema_migrations" (version) VALUES (20181113152635)[0m
  [1m[35m (5.5ms)[0m  [1m[32mINSERT INTO "schema_migrations" (version) VALUES
(20181112194956),
(20181112192650);

[0m
  [1m[35m (6.6ms)[0m  [1m[35mCREATE TABLE "ar_internal_metadata" ("key" varchar NOT NULL PRIMARY KEY, "value" varchar, "created_at" datetime NOT NULL, "updated_at" datetime NOT NULL)[0m
  [1m[36mActiveRecord::InternalMetadata Load (0.3ms)[0m  [1m[34mSELECT  "ar_internal_metadata".* FROM "ar_internal_metadata" WHERE "ar_internal_metadata"."key" = ? LIMIT ?[0m  [["key", "environment"], ["LIMIT", 1]]
  [1m[35m (0.1ms)[0m  [1m[36mbegin transaction[0m
  [1m[35mSQL (0.4ms)[0m  [1m[32mINSERT INTO "ar_internal_metadata" ("key", "value", "created_at", "updated_at") VALUES (?, ?, ?, ?)[0m  [["key", "environment"], ["value", "development"], ["created_at", "2018-11-13 21:26:41.108276"], ["updated_at", "2018-11-13 21:26:41.108276"]]
  [1m[35m (4.9ms)[0m  [1m[36mcommit transaction[0m
  [1m[36mActiveRecord::InternalMetadata Load (0.1ms)[0m  [1m[34mSELECT  "ar_internal_metadata".* FROM "ar_internal_metadata" WHERE "ar_internal_metadata"."key" = ? LIMIT ?[0m  [["key", "environment"], ["LIMIT", 1]]
  [1m[35m (0.1ms)[0m  [1m[36mbegin transaction[0m
  [1m[35m (0.1ms)[0m  [1m[36mcommit transaction[0m
  [1m[35m (0.1ms)[0m  [1m[35mDROP TABLE IF EXISTS "apiusers"[0m
  [1m[35m (0.1ms)[0m  [1m[34mSELECT sqlite_version(*)[0m
  [1m[35m (6.7ms)[0m  [1m[35mCREATE TABLE "apiusers" ("id" INTEGER PRIMARY KEY AUTOINCREMENT NOT NULL, "api_key" varchar, "created_at" datetime NOT NULL, "updated_at" datetime NOT NULL)[0m
  [1m[35m (0.4ms)[0m  [1m[35mDROP TABLE IF EXISTS "coins"[0m
  [1m[35m (11.2ms)[0m  [1m[35mCREATE TABLE "coins" ("id" INTEGER PRIMARY KEY AUTOINCREMENT NOT NULL, "name" varchar, "value" integer, "created_at" datetime NOT NULL, "updated_at" datetime NOT NULL)[0m
  [1m[35m (0.3ms)[0m  [1m[35mDROP TABLE IF EXISTS "transactions"[0m
  [1m[35m (8.2ms)[0m  [1m[35mCREATE TABLE "transactions" ("id" INTEGER PRIMARY KEY AUTOINCREMENT NOT NULL, "created_at" datetime NOT NULL, "updated_at" datetime NOT NULL)[0m
  [1m[35m (6.9ms)[0m  [1m[35mCREATE TABLE "schema_migrations" ("version" varchar NOT NULL PRIMARY KEY)[0m
  [1m[35m (0.3ms)[0m  [1m[34mSELECT "schema_migrations"."version" FROM "schema_migrations" ORDER BY "schema_migrations"."version" ASC[0m
  [1m[35m (5.7ms)[0m  [1m[32mINSERT INTO "schema_migrations" (version) VALUES (20181113152635)[0m
  [1m[35m (10.8ms)[0m  [1m[32mINSERT INTO "schema_migrations" (version) VALUES
(20181112194956),
(20181112192650);

[0m
  [1m[35m (7.4ms)[0m  [1m[35mCREATE TABLE "ar_internal_metadata" ("key" varchar NOT NULL PRIMARY KEY, "value" varchar, "created_at" datetime NOT NULL, "updated_at" datetime NOT NULL)[0m
  [1m[36mActiveRecord::InternalMetadata Load (0.4ms)[0m  [1m[34mSELECT  "ar_internal_metadata".* FROM "ar_internal_metadata" WHERE "ar_internal_metadata"."key" = ? LIMIT ?[0m  [["key", "environment"], ["LIMIT", 1]]
  [1m[35m (0.1ms)[0m  [1m[36mbegin transaction[0m
  [1m[35mSQL (0.5ms)[0m  [1m[32mINSERT INTO "ar_internal_metadata" ("key", "value", "created_at", "updated_at") VALUES (?, ?, ?, ?)[0m  [["key", "environment"], ["value", "development"], ["created_at", "2018-11-13 21:26:41.204662"], ["updated_at", "2018-11-13 21:26:41.204662"]]
  [1m[35m (5.3ms)[0m  [1m[36mcommit transaction[0m
  [1m[36mActiveRecord::InternalMetadata Load (0.3ms)[0m  [1m[34mSELECT  "ar_internal_metadata".* FROM "ar_internal_metadata" WHERE "ar_internal_metadata"."key" = ? LIMIT ?[0m  [["key", "environment"], ["LIMIT", 1]]
  [1m[35m (0.2ms)[0m  [1m[36mbegin transaction[0m
  [1m[35mSQL (0.5ms)[0m  [1m[33mUPDATE "ar_internal_metadata" SET "value" = ?, "updated_at" = ? WHERE "ar_internal_metadata"."key" = ?[0m  [["value", "test"], ["updated_at", "2018-11-13 21:26:41.226353"], ["key", "environment"]]
  [1m[35m (5.2ms)[0m  [1m[36mcommit transaction[0m
  [1m[35m (0.3ms)[0m  [1m[34mSELECT "schema_migrations"."version" FROM "schema_migrations" ORDER BY "schema_migrations"."version" ASC[0m
  [1m[35m (0.1ms)[0m  [1m[36mbegin transaction[0m
  [1m[35mSQL (1.1ms)[0m  [1m[32mINSERT INTO "apiusers" ("api_key", "created_at", "updated_at") VALUES (?, ?, ?)[0m  [["api_key", "abcd"], ["created_at", "2018-11-13 21:29:39.039891"], ["updated_at", "2018-11-13 21:29:39.039891"]]
  [1m[35m (8.2ms)[0m  [1m[36mcommit transaction[0m
Started GET "/" for 127.0.0.1 at 2018-11-13 15:32:28 -0600
  [1m[35m (0.2ms)[0m  [1m[34mSELECT "schema_migrations"."version" FROM "schema_migrations" ORDER BY "schema_migrations"."version" ASC[0m
Processing by IndexController#index as HTML
  Rendering index/index.html.erb within layouts/application
  Rendered index/index.html.erb within layouts/application (0.7ms)
Completed 200 OK in 180ms (Views: 170.7ms | ActiveRecord: 0.0ms)


Started GET "/coins" for 127.0.0.1 at 2018-11-13 15:32:31 -0600
Processing by CoinsController#see_all as HTML
  Rendering coins/index.html.erb within layouts/application
  [1m[36mCoin Load (0.5ms)[0m  [1m[34mSELECT "coins".* FROM "coins"[0m
  Rendered coins/index.html.erb within layouts/application (11.0ms)
Completed 200 OK in 69ms (Views: 57.8ms | ActiveRecord: 3.9ms)


Started GET "/" for 127.0.0.1 at 2018-11-13 15:33:33 -0600
Processing by IndexController#index as HTML
Started GET "/" for 127.0.0.1 at 2018-11-13 15:33:43 -0600
Started GET "/coins" for 127.0.0.1 at 2018-11-13 15:33:43 -0600
  Rendering index/index.html.erb within layouts/application
  Rendered index/index.html.erb within layouts/application (0.6ms)
Completed 200 OK in 34ms (Views: 33.0ms)


Processing by CoinsController#see_all as HTML
Processing by IndexController#index as HTML
  Rendering index/index.html.erb within layouts/application
  Rendering coins/index.html.erb within layouts/application
  Rendered index/index.html.erb within layouts/application (0.3ms)
  [1m[36mCoin Load (0.1ms)[0m  [1m[34mSELECT "coins".* FROM "coins"[0m
  Rendered coins/index.html.erb within layouts/application (4.4ms)
Completed 200 OK in 28ms (Views: 27.3ms | ActiveRecord: 0.0ms)


Completed 200 OK in 51ms (Views: 41.7ms | ActiveRecord: 0.6ms)


Started GET "/" for 127.0.0.1 at 2018-11-13 15:33:47 -0600
Processing by IndexController#index as HTML
  Rendering index/index.html.erb within layouts/application
  Rendered index/index.html.erb within layouts/application (0.6ms)
Completed 200 OK in 28ms (Views: 27.0ms | ActiveRecord: 0.0ms)


Started GET "/" for 127.0.0.1 at 2018-11-14 11:26:04 -0600
  [1m[35m (0.3ms)[0m  [1m[34mSELECT "schema_migrations"."version" FROM "schema_migrations" ORDER BY "schema_migrations"."version" ASC[0m
Processing by IndexController#index as HTML
  Rendering index/index.html.erb within layouts/application
  Rendered index/index.html.erb within layouts/application (3.1ms)
Completed 200 OK in 182ms (Views: 176.1ms | ActiveRecord: 0.0ms)


Started GET "/coins" for 127.0.0.1 at 2018-11-14 11:26:07 -0600
Processing by CoinsController#see_all as HTML
  Rendering coins/index.html.erb within layouts/application
  [1m[36mCoin Load (0.2ms)[0m  [1m[34mSELECT "coins".* FROM "coins"[0m
  Rendered coins/index.html.erb within layouts/application (6.3ms)
Completed 200 OK in 45ms (Views: 32.5ms | ActiveRecord: 1.8ms)


Started GET "/" for 127.0.0.1 at 2018-11-14 11:26:11 -0600
Processing by IndexController#index as HTML
  Rendering index/index.html.erb within layouts/application
  Rendered index/index.html.erb within layouts/application (2.4ms)
Completed 200 OK in 40ms (Views: 38.1ms | ActiveRecord: 0.0ms)


Started GET "/coins" for 127.0.0.1 at 2018-11-14 11:27:50 -0600
Processing by CoinsController#see_all as HTML
  Rendering coins/index.html.erb within layouts/application
  [1m[36mCoin Load (0.8ms)[0m  [1m[34mSELECT "coins".* FROM "coins"[0m
  Rendered coins/index.html.erb within layouts/application (6.1ms)
Completed 200 OK in 75ms (Views: 71.8ms | ActiveRecord: 0.8ms)


  [1m[35m (0.1ms)[0m  [1m[34mSELECT "schema_migrations"."version" FROM "schema_migrations" ORDER BY "schema_migrations"."version" ASC[0m
  [1m[35m (0.1ms)[0m  [1m[34mSELECT "ar_internal_metadata"."value" FROM "ar_internal_metadata" WHERE "ar_internal_metadata"."key" = ?[0m  [["key", "environment"]]
  [1m[35m (0.0ms)[0m  [1m[34mSELECT "schema_migrations"."version" FROM "schema_migrations" ORDER BY "schema_migrations"."version" ASC[0m
  [1m[35m (0.1ms)[0m  [1m[34mSELECT "ar_internal_metadata"."value" FROM "ar_internal_metadata" WHERE "ar_internal_metadata"."key" = ?[0m  [["key", "environment"]]
  [1m[35m (0.0ms)[0m  [1m[34mSELECT "schema_migrations"."version" FROM "schema_migrations" ORDER BY "schema_migrations"."version" ASC[0m
  [1m[35m (0.0ms)[0m  [1m[34mSELECT "ar_internal_metadata"."value" FROM "ar_internal_metadata" WHERE "ar_internal_metadata"."key" = ?[0m  [["key", "environment"]]
  [1m[35m (0.2ms)[0m  [1m[34mSELECT sqlite_version(*)[0m
  [1m[35m (8.4ms)[0m  [1m[35mCREATE TABLE "schema_migrations" ("version" varchar NOT NULL PRIMARY KEY)[0m
  [1m[35m (6.6ms)[0m  [1m[35mCREATE TABLE "ar_internal_metadata" ("key" varchar NOT NULL PRIMARY KEY, "value" varchar, "created_at" datetime NOT NULL, "updated_at" datetime NOT NULL)[0m
  [1m[35m (0.1ms)[0m  [1m[34mSELECT "schema_migrations"."version" FROM "schema_migrations" ORDER BY "schema_migrations"."version" ASC[0m
Migrating to CreateCoins (20181112192650)
  [1m[35m (0.1ms)[0m  [1m[36mbegin transaction[0m
  [1m[35m (0.3ms)[0m  [1m[35mCREATE TABLE "coins" ("id" INTEGER PRIMARY KEY AUTOINCREMENT NOT NULL, "name" varchar, "value" integer, "created_at" datetime NOT NULL, "updated_at" datetime NOT NULL)[0m
  [1m[35mSQL (0.1ms)[0m  [1m[32mINSERT INTO "schema_migrations" ("version") VALUES (?)[0m  [["version", "20181112192650"]]
  [1m[35m (6.4ms)[0m  [1m[36mcommit transaction[0m
Migrating to CreateApiusers (20181113152635)
  [1m[35m (0.2ms)[0m  [1m[36mbegin transaction[0m
  [1m[35m (0.7ms)[0m  [1m[35mCREATE TABLE "apiusers" ("id" INTEGER PRIMARY KEY AUTOINCREMENT NOT NULL, "api_key" varchar, "created_at" datetime NOT NULL, "updated_at" datetime NOT NULL)[0m
  [1m[35mSQL (0.4ms)[0m  [1m[32mINSERT INTO "schema_migrations" ("version") VALUES (?)[0m  [["version", "20181113152635"]]
  [1m[35m (6.9ms)[0m  [1m[36mcommit transaction[0m
Migrating to CreateTransactions (20181115170800)
  [1m[35m (0.1ms)[0m  [1m[36mbegin transaction[0m
  [1m[35m (0.9ms)[0m  [1m[35mCREATE TABLE "transactions" ("id" INTEGER PRIMARY KEY AUTOINCREMENT NOT NULL, "coin_id" integer, "apiuser_id" integer, "created_at" datetime NOT NULL, "updated_at" datetime NOT NULL)[0m
  [1m[35mSQL (0.4ms)[0m  [1m[32mINSERT INTO "schema_migrations" ("version") VALUES (?)[0m  [["version", "20181115170800"]]
  [1m[35m (6.7ms)[0m  [1m[36mcommit transaction[0m
  [1m[36mActiveRecord::InternalMetadata Load (0.8ms)[0m  [1m[34mSELECT  "ar_internal_metadata".* FROM "ar_internal_metadata" WHERE "ar_internal_metadata"."key" = ? LIMIT ?[0m  [["key", "environment"], ["LIMIT", 1]]
  [1m[35m (0.1ms)[0m  [1m[36mbegin transaction[0m
  [1m[35mSQL (1.5ms)[0m  [1m[32mINSERT INTO "ar_internal_metadata" ("key", "value", "created_at", "updated_at") VALUES (?, ?, ?, ?)[0m  [["key", "environment"], ["value", "development"], ["created_at", "2018-11-15 17:09:34.727483"], ["updated_at", "2018-11-15 17:09:34.727483"]]
  [1m[35m (5.0ms)[0m  [1m[36mcommit transaction[0m
  [1m[35m (0.2ms)[0m  [1m[34mSELECT "schema_migrations"."version" FROM "schema_migrations" ORDER BY "schema_migrations"."version" ASC[0m
